Job failed with exit code: 1, Reason: Error

--- Container logs ---
/usr/local/bin/python-exec.sh: line 46: /srv/hops/hadoop/bin/hadoop: No such file or directory
Picked up _JAVA_OPTIONS:  -Duser.home=/srv/hops/anaconda
Importing keystore /srv/hops/certificates/createnew__lex00000__kstore.jks to /srv/hops/fuse/pems/createnew__lex00000__keystore.p12...
Entry for alias createnew__lex00000 successfully imported.
Import command completed:  1 entries successfully imported, 0 entries failed or cancelled
Picked up _JAVA_OPTIONS:  -Duser.home=/srv/hops/anaconda
Importing keystore /srv/hops/certificates/createnew__lex00000__tstore.jks to /srv/hops/fuse/pems/createnew__lex00000__tstore.p12...
Entry for alias hops_root_ca successfully imported.
Import command completed:  1 entries successfully imported, 0 entries failed or cancelled
MAC: sha1, Iteration 100000
MAC length: 20, salt length: 20
PKCS7 Data
Shrouded Keybag: pbeWithSHA1And3-KeyTripleDES-CBC, Iteration 50000
PKCS7 Encrypted data: pbeWithSHA1And40BitRC2-CBC, Iteration 50000
Certificate bag
Certificate bag
2026-07-03 10:54:46,695 INFO: Python Engine initialized.
2026-07-03 10:54:52,665 INFO: Computing insert statistics
2026-07-03 10:54:53,393 WARNING: VersionWarning: Incremented version to `1`.


Logged in to project, explore it here https://eu-west.cloud.hopsworks.ai/p/33923
Reading data from Hopsworks, using Hopsworks Feature Query Service.   Reading data from Hopsworks, using Hopsworks Feature Query Service..   Reading data from Hopsworks, using Hopsworks Feature Query Service...   Finished: Reading data from Hopsworks, using Hopsworks Feature Query Service (1.24s) 
9,912 photos, emb dim 768
fold 0: bt=0.708 (C=1.0) ridge=0.713
fold 1: bt=0.722 (C=0.1) ridge=0.723
fold 2: bt=0.712 (C=0.1) ridge=0.709
fold 3: bt=0.729 (C=0.1) ridge=0.727
fold 4: bt=0.723 (C=0.1) ridge=0.721
{
  "bt": {
    "acc": 0.7188000000000001,
    "se": 0.0034544536471054245,
    "auc": 0.7864177749758607
  },
  "ridge_rank": {
    "acc": 0.7184,
    "se": 0.0030015412707474114
  },
  "coin": {
    "acc": 0.5,
    "se": 0.0
  },
  "zero_shot": {
    "acc": 0.5115,
    "se": 0.0
  }
}
Traceback (most recent call last):
  File "/hopsfs/Resources/jobs/predictable-train/train.py", line 244, in <module>
    main()
  File "/hopsfs/Resources/jobs/predictable-train/train.py", line 240, in main
    register(summary, final_C, w_global, plots)
  File "/hopsfs/Resources/jobs/predictable-train/train.py", line 192, in register
    from taste_features import ENCODER, MODEL_ID, EMBED_DIM
  File "/hopsfs/Users/lex00000/how-predictable/taste_features.py", line 14, in <module>
    import torch
ModuleNotFoundError: No module named 'torch'
2026-07-03 10:55:16,767 INFO: Connection closed.
2026-07-03 10:55:19,985 INFO: Python Engine initialized.

Logged in to project, explore it here https://eu-west.cloud.hopsworks.ai/p/33923
Uploading /logs/stderr.log: 0.000%|          | 0/788 elapsed<00:00 remaining<?Uploading /logs/stderr.log: 100.000%|██████████| 788/788 elapsed<00:01 remaining<00:00Uploading /logs/stderr.log: 100.000%|██████████| 788/788 elapsed<00:01 remaining<00:00
Uploading /logs/stdout.log: 0.000%|          | 0/884 elapsed<00:00 remaining<?Uploading /logs/stdout.log: 100.000%|██████████| 884/884 elapsed<00:00 remaining<00:00Uploading /logs/stdout.log: 100.000%|██████████| 884/884 elapsed<00:00 remaining<00:00
2026-07-03 10:55:23,772 INFO: Connection closed.
